Arguments: 
  C:\ProgramData\Applications\nodejs\node.exe C:\ProgramData\Applications\nodejs\node_modules\yarn\bin\yarn.js add bootsrap

PATH: 
  C:\Program Files (x86)\Google\Chrome\Application;C:\ProgramData\Oracle\Java\javapath;C:\windows\system32;C:\windows;C:\windows\System32\Wbem;C:\windows\System32\WindowsPowerShell\v1.0\;C:\windows\System32\WindowsPowerShell\v1.0\;C:\Program Files (x86)\Microsoft SQL Server\Client SDK\ODBC\130\Tools\Binn\;C:\Program Files (x86)\Microsoft SQL Server\140\Tools\Binn\;C:\Program Files (x86)\Microsoft SQL Server\140\DTS\Binn\;C:\Program Files (x86)\Microsoft SQL Server\140\Tools\Binn\ManagementStudio\;C:\ProgramData\Applications\nodejs; c:\npm;C:\Users\kublerga\AppData\Local\Programs\Git\cmd

Yarn version: 
  1.13.0

Node version: 
  11.12.0

Platform: 
  win32 x64

Trace: 
  Error: https://registry.yarnpkg.com/bootsrap: Not found
      at Request.params.callback [as _callback] (C:\ProgramData\Applications\nodejs\node_modules\yarn\lib\cli.js:66255:18)
      at Request.self.callback (C:\ProgramData\Applications\nodejs\node_modules\yarn\lib\cli.js:129397:22)
      at Request.emit (events.js:197:13)
      at Request.<anonymous> (C:\ProgramData\Applications\nodejs\node_modules\yarn\lib\cli.js:130369:10)
      at Request.emit (events.js:197:13)
      at IncomingMessage.<anonymous> (C:\ProgramData\Applications\nodejs\node_modules\yarn\lib\cli.js:130291:12)
      at Object.onceWrapper (events.js:285:20)
      at IncomingMessage.emit (events.js:202:15)
      at endReadableNT (_stream_readable.js:1132:12)
      at processTicksAndRejections (internal/process/next_tick.js:76:17)

npm manifest: 
  {
    "name": "tabextpart1",
    "version": "0.1.0",
    "description": "first tableau extesion",
    "main": "1",
    "repository": "https://github.com/gabouka/tableau-extensions-tutorial-part-one",
    "author": "Gabor Kubler",
    "license": "MIT",
    "dependencies": {
      "jquery": "^3.3.1"
    }
  }

yarn manifest: 
  No manifest

Lockfile: 
  # THIS IS AN AUTOGENERATED FILE. DO NOT EDIT THIS FILE DIRECTLY.
  # yarn lockfile v1
  
  
  jquery@^3.3.1:
    version "3.3.1"
    resolved "https://registry.yarnpkg.com/jquery/-/jquery-3.3.1.tgz#958ce29e81c9790f31be7792df5d4d95fc57fbca"
    integrity sha512-Ubldcmxp5np52/ENotGxlLe6aGMvmF4R8S6tZjsP6Knsaxd/xp3Zrh50cG93lR6nPXyUFwzN3ZSOQI0wRJNdGg==
